<?xml version="1.0" encoding="UTF-8"?>
<!-- Generated by org.testng.reporters.JUnitReportReporter -->
<testsuite hostname="kcb-HP-Notebook" failures="0" tests="10" name="tests.pruebasHorarios" time="1.208" errors="0" timestamp="2020-03-12T15:19:34 CST" skipped="0">
  <testcase classname="tests.pruebasHorarios" name="modificarHorario" time="0.109"/>
  <testcase classname="tests.pruebasHorarios" name="falloBuscarPorUnidad" time="0.082"/>
  <testcase classname="tests.pruebasHorarios" name="buscarPorUnidad" time="0.076"/>
  <testcase classname="tests.pruebasHorarios" name="falloEliminarHorario" time="0.103"/>
  <testcase classname="tests.pruebasHorarios" name="buscarHorarioPorCódigo" time="0.379"/>
  <testcase classname="tests.pruebasHorarios" name="guardarHorario" time="0.089"/>
  <testcase classname="tests.pruebasHorarios" name="falloBuscarHorarioPorCódigo" time="0.083"/>
  <testcase classname="tests.pruebasHorarios" name="falloGuardarHorario" time="0.085"/>
  <testcase classname="tests.pruebasHorarios" name="eliminarHorario" time="0.101"/>
  <testcase classname="tests.pruebasHorarios" name="falloModificarHorario" time="0.101"/>
</testsuite> <!-- tests.pruebasHorarios -->
